# JRE version: OpenJDK Runtime Environment (8.0_152-b08) (build 1.8.0_152-release-915-b08)
# Java VM: OpenJDK 64-Bit Server VM (25.152-b08 mixed mode bsd-amd64 compressed oops)
Heap:
 PSYoungGen      total 320512K, used 11392K [0x00000007a0000000, 0x00000007b6a80000, 0x00000007c0000000)
  eden space 308736K, 0% used [0x00000007a0000000,0x00000007a0000000,0x00000007b2d80000)
  from space 11776K, 96% used [0x00000007b2d80000,0x00000007b38a0020,0x00000007b3900000)
  to   space 31232K, 0% used [0x00000007b4c00000,0x00000007b4c00000,0x00000007b6a80000)
 ParOldGen       total 146432K, used 31280K [0x0000000760000000, 0x0000000768f00000, 0x00000007a0000000)
  object space 146432K, 21% used [0x0000000760000000,0x0000000761e8c200,0x0000000768f00000)
 Metaspace       used 93433K, capacity 98996K, committed 103256K, reserved 1138688K
  class space    used 11867K, capacity 13124K, committed 13952K, reserved 1048576K
GC Heap History (10 events):
Event: 9593.255 GC heap after
Heap after GC invocations=23 (full 4):
 PSYoungGen      total 323072K, used 14071K [0x00000007a0000000, 0x00000007b8080000, 0x00000007c0000000)
  eden space 308736K, 0% used [0x00000007a0000000,0x00000007a0000000,0x00000007b2d80000)
  from space 14336K, 98% used [0x00000007b5680000,0x00000007b643dc78,0x00000007b6480000)
  to   space 28672K, 0% used [0x00000007b6480000,0x00000007b6480000,0x00000007b8080000)
 ParOldGen       total 146432K, used 43335K [0x0000000760000000, 0x0000000768f00000, 0x00000007a0000000)
  object space 146432K, 29% used [0x0000000760000000,0x0000000762a51fb0,0x0000000768f00000)
 Metaspace       used 95241K, capacity 102942K, committed 103256K, reserved 1138688K
  class space    used 12314K, capacity 13861K, committed 13952K, reserved 1048576K
}
Event: 9593.255 GC heap before
{Heap before GC invocations=24 (full 5):
 PSYoungGen      total 323072K, used 14071K [0x00000007a0000000, 0x00000007b8080000, 0x00000007c0000000)
  eden space 308736K, 0% used [0x00000007a0000000,0x00000007a0000000,0x00000007b2d80000)
  from space 14336K, 98% used [0x00000007b5680000,0x00000007b643dc78,0x00000007b6480000)
  to   space 28672K, 0% used [0x00000007b6480000,0x00000007b6480000,0x00000007b8080000)
 ParOldGen       total 146432K, used 43335K [0x0000000760000000, 0x0000000768f00000, 0x00000007a0000000)
  object space 146432K, 29% used [0x0000000760000000,0x0000000762a51fb0,0x0000000768f00000)
 Metaspace       used 95241K, capacity 102942K, committed 103256K, reserved 1138688K
  class space    used 12314K, capacity 13861K, committed 13952K, reserved 1048576K
Event: 9593.858 GC heap after
Heap after GC invocations=24 (full 5):
 PSYoungGen      total 323072K, used 0K [0x00000007a0000000, 0x00000007b8080000, 0x00000007c0000000)
  eden space 308736K, 0% used [0x00000007a0000000,0x00000007a0000000,0x00000007b2d80000)
  from space 14336K, 0% used [0x00000007b5680000,0x00000007b5680000,0x00000007b6480000)
  to   space 28672K, 0% used [0x00000007b6480000,0x00000007b6480000,0x00000007b8080000)
 ParOldGen       total 146432K, used 32066K [0x0000000760000000, 0x0000000768f00000, 0x00000007a0000000)
  object space 146432K, 21% used [0x0000000760000000,0x0000000761f50930,0x0000000768f00000)
 Metaspace       used 93565K, capacity 99090K, committed 103256K, reserved 1138688K
  class space    used 11921K, capacity 13149K, committed 13952K, reserved 1048576K
}
Event: 13193.862 GC heap before
{Heap before GC invocations=25 (full 5):
 PSYoungGen      total 323072K, used 31107K [0x00000007a0000000, 0x00000007b8080000, 0x00000007c0000000)
  eden space 308736K, 10% used [0x00000007a0000000,0x00000007a1e60f90,0x00000007b2d80000)
  from space 14336K, 0% used [0x00000007b5680000,0x00000007b5680000,0x00000007b6480000)
  to   space 28672K, 0% used [0x00000007b6480000,0x00000007b6480000,0x00000007b8080000)
 ParOldGen       total 146432K, used 32066K [0x0000000760000000, 0x0000000768f00000, 0x00000007a0000000)
  object space 146432K, 21% used [0x0000000760000000,0x0000000761f50930,0x0000000768f00000)
 Metaspace       used 93565K, capacity 99090K, committed 103256K, reserved 1138688K
  class space    used 11921K, capacity 13149K, committed 13952K, reserved 1048576K
Event: 13193.931 GC heap after
Heap after GC invocations=25 (full 5):
 PSYoungGen      total 316928K, used 256K [0x00000007a0000000, 0x00000007b6c80000, 0x00000007c0000000)
  eden space 308736K, 0% used [0x00000007a0000000,0x00000007a0000000,0x00000007b2d80000)
  from space 8192K, 3% used [0x00000007b6480000,0x00000007b64c0000,0x00000007b6c80000)
  to   space 32256K, 0% used [0x00000007b2d80000,0x00000007b2d80000,0x00000007b4d00000)
 ParOldGen       total 146432K, used 32066K [0x0000000760000000, 0x0000000768f00000, 0x00000007a0000000)
  object space 146432K, 21% used [0x0000000760000000,0x0000000761f50930,0x0000000768f00000)
 Metaspace       used 93565K, capacity 99090K, committed 103256K, reserved 1138688K
  class space    used 11921K, capacity 13149K, committed 13952K, reserved 1048576K
}
Event: 13193.931 GC heap before
{Heap before GC invocations=26 (full 6):
 PSYoungGen      total 316928K, used 256K [0x00000007a0000000, 0x00000007b6c80000, 0x00000007c0000000)
  eden space 308736K, 0% used [0x00000007a0000000,0x00000007a0000000,0x00000007b2d80000)
  from space 8192K, 3% used [0x00000007b6480000,0x00000007b64c0000,0x00000007b6c80000)
  to   space 32256K, 0% used [0x00000007b2d80000,0x00000007b2d80000,0x00000007b4d00000)
 ParOldGen       total 146432K, used 32066K [0x0000000760000000, 0x0000000768f00000, 0x00000007a0000000)
  object space 146432K, 21% used [0x0000000760000000,0x0000000761f50930,0x0000000768f00000)
 Metaspace       used 93565K, capacity 99090K, committed 103256K, reserved 1138688K
  class space    used 11921K, capacity 13149K, committed 13952K, reserved 1048576K
Event: 13194.639 GC heap after
Heap after GC invocations=26 (full 6):
 PSYoungGen      total 316928K, used 0K [0x00000007a0000000, 0x00000007b6c80000, 0x00000007c0000000)
  eden space 308736K, 0% used [0x00000007a0000000,0x00000007a0000000,0x00000007b2d80000)
  from space 8192K, 0% used [0x00000007b6480000,0x00000007b6480000,0x00000007b6c80000)
  to   space 32256K, 0% used [0x00000007b2d80000,0x00000007b2d80000,0x00000007b4d00000)
 ParOldGen       total 146432K, used 31280K [0x0000000760000000, 0x0000000768f00000, 0x00000007a0000000)
  object space 146432K, 21% used [0x0000000760000000,0x0000000761e8c200,0x0000000768f00000)
 Metaspace       used 92741K, capacity 97950K, committed 103256K, reserved 1138688K
  class space    used 11776K, capacity 12939K, committed 13952K, reserved 1048576K
}
Event: 18264.811 GC heap before
{Heap before GC invocations=27 (full 6):
 PSYoungGen      total 316928K, used 186766K [0x00000007a0000000, 0x00000007b6c80000, 0x00000007c0000000)
  eden space 308736K, 60% used [0x00000007a0000000,0x00000007ab663858,0x00000007b2d80000)
  from space 8192K, 0% used [0x00000007b6480000,0x00000007b6480000,0x00000007b6c80000)
  to   space 32256K, 0% used [0x00000007b2d80000,0x00000007b2d80000,0x00000007b4d00000)
 ParOldGen       total 146432K, used 31280K [0x0000000760000000, 0x0000000768f00000, 0x00000007a0000000)
  object space 146432K, 21% used [0x0000000760000000,0x0000000761e8c200,0x0000000768f00000)
 Metaspace       used 93433K, capacity 98996K, committed 103256K, reserved 1138688K
  class space    used 11867K, capacity 13124K, committed 13952K, reserved 1048576K
Event: 18264.874 GC heap after
Heap after GC invocations=27 (full 6):
 PSYoungGen      total 320512K, used 11392K [0x00000007a0000000, 0x00000007b6a80000, 0x00000007c0000000)
  eden space 308736K, 0% used [0x00000007a0000000,0x00000007a0000000,0x00000007b2d80000)
  from space 11776K, 96% used [0x00000007b2d80000,0x00000007b38a0020,0x00000007b3900000)
  to   space 31232K, 0% used [0x00000007b4c00000,0x00000007b4c00000,0x00000007b6a80000)
 ParOldGen       total 146432K, used 31280K [0x0000000760000000, 0x0000000768f00000, 0x00000007a0000000)
  object space 146432K, 21% used [0x0000000760000000,0x0000000761e8c200,0x0000000768f00000)
 Metaspace       used 93433K, capacity 98996K, committed 103256K, reserved 1138688K
  class space    used 11867K, capacity 13124K, committed 13952K, reserved 1048576K
}
Event: 18264.874 GC heap before
{Heap before GC invocations=28 (full 7):
 PSYoungGen      total 320512K, used 11392K [0x00000007a0000000, 0x00000007b6a80000, 0x00000007c0000000)
  eden space 308736K, 0% used [0x00000007a0000000,0x00000007a0000000,0x00000007b2d80000)
  from space 11776K, 96% used [0x00000007b2d80000,0x00000007b38a0020,0x00000007b3900000)
  to   space 31232K, 0% used [0x00000007b4c00000,0x00000007b4c00000,0x00000007b6a80000)
 ParOldGen       total 146432K, used 31280K [0x0000000760000000, 0x0000000768f00000, 0x00000007a0000000)
  object space 146432K, 21% used [0x0000000760000000,0x0000000761e8c200,0x0000000768f00000)
 Metaspace       used 93433K, capacity 98996K, committed 103256K, reserved 1138688K
  class space    used 11867K, capacity 13124K, committed 13952K, reserved 1048576K

