# JRE version: OpenJDK Runtime Environment (8.0_152-b08) (build 1.8.0_152-release-915-b08)
# Java VM: OpenJDK 64-Bit Server VM (25.152-b08 mixed mode bsd-amd64 compressed oops)
Heap:
 PSYoungGen      total 432128K, used 12671K [0x00000007a0000000, 0x00000007c0000000, 0x00000007c0000000)
  eden space 339968K, 0% used [0x00000007a0000000,0x00000007a0000000,0x00000007b4c00000)
  from space 92160K, 13% used [0x00000007b4c00000,0x00000007b585fe90,0x00000007ba600000)
  to   space 91136K, 0% used [0x00000007ba700000,0x00000007ba700000,0x00000007c0000000)
 ParOldGen       total 292864K, used 127690K [0x0000000760000000, 0x0000000771e00000, 0x00000007a0000000)
  object space 292864K, 43% used [0x0000000760000000,0x0000000767cb2a78,0x0000000771e00000)
 Metaspace       used 133670K, capacity 137934K, committed 138152K, reserved 1171456K
  class space    used 15534K, capacity 16706K, committed 16808K, reserved 1048576K
GC Heap History (10 events):
Event: 3383.654 GC heap after
Heap after GC invocations=37 (full 6):
 PSYoungGen      total 429568K, used 18433K [0x00000007a0000000, 0x00000007c0000000, 0x00000007c0000000)
  eden space 346112K, 0% used [0x00000007a0000000,0x00000007a0000000,0x00000007b5200000)
  from space 83456K, 22% used [0x00000007b5200000,0x00000007b64007a0,0x00000007ba380000)
  to   space 82432K, 0% used [0x00000007baf80000,0x00000007baf80000,0x00000007c0000000)
 ParOldGen       total 292864K, used 120244K [0x0000000760000000, 0x0000000771e00000, 0x00000007a0000000)
  object space 292864K, 41% used [0x0000000760000000,0x000000076756d048,0x0000000771e00000)
 Metaspace       used 122755K, capacity 126614K, committed 126760K, reserved 1161216K
  class space    used 14253K, capacity 15312K, committed 15400K, reserved 1048576K
}
Event: 3489.575 GC heap before
{Heap before GC invocations=38 (full 6):
 PSYoungGen      total 429568K, used 364545K [0x00000007a0000000, 0x00000007c0000000, 0x00000007c0000000)
  eden space 346112K, 100% used [0x00000007a0000000,0x00000007b5200000,0x00000007b5200000)
  from space 83456K, 22% used [0x00000007b5200000,0x00000007b64007a0,0x00000007ba380000)
  to   space 82432K, 0% used [0x00000007baf80000,0x00000007baf80000,0x00000007c0000000)
 ParOldGen       total 292864K, used 120244K [0x0000000760000000, 0x0000000771e00000, 0x00000007a0000000)
  object space 292864K, 41% used [0x0000000760000000,0x000000076756d048,0x0000000771e00000)
 Metaspace       used 124616K, capacity 128540K, committed 128808K, reserved 1163264K
  class space    used 14457K, capacity 15529K, committed 15656K, reserved 1048576K
Event: 3489.640 GC heap after
Heap after GC invocations=38 (full 6):
 PSYoungGen      total 434688K, used 23324K [0x00000007a0000000, 0x00000007bfa00000, 0x00000007c0000000)
  eden space 358400K, 0% used [0x00000007a0000000,0x00000007a0000000,0x00000007b5e00000)
  from space 76288K, 30% used [0x00000007baf80000,0x00000007bc647328,0x00000007bfa00000)
  to   space 79872K, 0% used [0x00000007b5e00000,0x00000007b5e00000,0x00000007bac00000)
 ParOldGen       total 292864K, used 120252K [0x0000000760000000, 0x0000000771e00000, 0x00000007a0000000)
  object space 292864K, 41% used [0x0000000760000000,0x000000076756f048,0x0000000771e00000)
 Metaspace       used 124616K, capacity 128540K, committed 128808K, reserved 1163264K
  class space    used 14457K, capacity 15529K, committed 15656K, reserved 1048576K
}
Event: 5103.093 GC heap before
{Heap before GC invocations=39 (full 6):
 PSYoungGen      total 434688K, used 381724K [0x00000007a0000000, 0x00000007bfa00000, 0x00000007c0000000)
  eden space 358400K, 100% used [0x00000007a0000000,0x00000007b5e00000,0x00000007b5e00000)
  from space 76288K, 30% used [0x00000007baf80000,0x00000007bc647328,0x00000007bfa00000)
  to   space 79872K, 0% used [0x00000007b5e00000,0x00000007b5e00000,0x00000007bac00000)
 ParOldGen       total 292864K, used 120252K [0x0000000760000000, 0x0000000771e00000, 0x00000007a0000000)
  object space 292864K, 41% used [0x0000000760000000,0x000000076756f048,0x0000000771e00000)
 Metaspace       used 126165K, capacity 130274K, committed 130472K, reserved 1163264K
  class space    used 14628K, capacity 15746K, committed 15784K, reserved 1048576K
Event: 5103.271 GC heap after
Heap after GC invocations=39 (full 6):
 PSYoungGen      total 438272K, used 21064K [0x00000007a0000000, 0x00000007bff80000, 0x00000007c0000000)
  eden space 358400K, 0% used [0x00000007a0000000,0x00000007a0000000,0x00000007b5e00000)
  from space 79872K, 26% used [0x00000007b5e00000,0x00000007b72920c8,0x00000007bac00000)
  to   space 77824K, 0% used [0x00000007bb380000,0x00000007bb380000,0x00000007bff80000)
 ParOldGen       total 292864K, used 120260K [0x0000000760000000, 0x0000000771e00000, 0x00000007a0000000)
  object space 292864K, 41% used [0x0000000760000000,0x0000000767571048,0x0000000771e00000)
 Metaspace       used 126165K, capacity 130274K, committed 130472K, reserved 1163264K
  class space    used 14628K, capacity 15746K, committed 15784K, reserved 1048576K
}
Event: 5106.956 GC heap before
{Heap before GC invocations=40 (full 6):
 PSYoungGen      total 438272K, used 379464K [0x00000007a0000000, 0x00000007bff80000, 0x00000007c0000000)
  eden space 358400K, 100% used [0x00000007a0000000,0x00000007b5e00000,0x00000007b5e00000)
  from space 79872K, 26% used [0x00000007b5e00000,0x00000007b72920c8,0x00000007bac00000)
  to   space 77824K, 0% used [0x00000007bb380000,0x00000007bb380000,0x00000007bff80000)
 ParOldGen       total 292864K, used 120260K [0x0000000760000000, 0x0000000771e00000, 0x00000007a0000000)
  object space 292864K, 41% used [0x0000000760000000,0x0000000767571048,0x0000000771e00000)
 Metaspace       used 133014K, capacity 137266K, committed 137512K, reserved 1169408K
  class space    used 15472K, capacity 16634K, committed 16680K, reserved 1048576K
Event: 5107.214 GC heap after
Heap after GC invocations=40 (full 6):
 PSYoungGen      total 417792K, used 77811K [0x00000007a0000000, 0x00000007c0000000, 0x00000007c0000000)
  eden space 339968K, 0% used [0x00000007a0000000,0x00000007a0000000,0x00000007b4c00000)
  from space 77824K, 99% used [0x00000007bb380000,0x00000007bff7cda0,0x00000007bff80000)
  to   space 92160K, 0% used [0x00000007b4c00000,0x00000007b4c00000,0x00000007ba600000)
 ParOldGen       total 292864K, used 126538K [0x0000000760000000, 0x0000000771e00000, 0x00000007a0000000)
  object space 292864K, 43% used [0x0000000760000000,0x0000000767b92998,0x0000000771e00000)
 Metaspace       used 133014K, capacity 137266K, committed 137512K, reserved 1169408K
  class space    used 15472K, capacity 16634K, committed 16680K, reserved 1048576K
}
Event: 5519.914 GC heap before
{Heap before GC invocations=41 (full 6):
 PSYoungGen      total 417792K, used 285996K [0x00000007a0000000, 0x00000007c0000000, 0x00000007c0000000)
  eden space 339968K, 61% used [0x00000007a0000000,0x00000007acb4e5d0,0x00000007b4c00000)
  from space 77824K, 99% used [0x00000007bb380000,0x00000007bff7cda0,0x00000007bff80000)
  to   space 92160K, 0% used [0x00000007b4c00000,0x00000007b4c00000,0x00000007ba600000)
 ParOldGen       total 292864K, used 126538K [0x0000000760000000, 0x0000000771e00000, 0x00000007a0000000)
  object space 292864K, 43% used [0x0000000760000000,0x0000000767b92998,0x0000000771e00000)
 Metaspace       used 133670K, capacity 137934K, committed 138152K, reserved 1171456K
  class space    used 15534K, capacity 16706K, committed 16808K, reserved 1048576K
Event: 5520.012 GC heap after
Heap after GC invocations=41 (full 6):
 PSYoungGen      total 432128K, used 12671K [0x00000007a0000000, 0x00000007c0000000, 0x00000007c0000000)
  eden space 339968K, 0% used [0x00000007a0000000,0x00000007a0000000,0x00000007b4c00000)
  from space 92160K, 13% used [0x00000007b4c00000,0x00000007b585fe90,0x00000007ba600000)
  to   space 91136K, 0% used [0x00000007ba700000,0x00000007ba700000,0x00000007c0000000)
 ParOldGen       total 292864K, used 127690K [0x0000000760000000, 0x0000000771e00000, 0x00000007a0000000)
  object space 292864K, 43% used [0x0000000760000000,0x0000000767cb2a78,0x0000000771e00000)
 Metaspace       used 133670K, capacity 137934K, committed 138152K, reserved 1171456K
  class space    used 15534K, capacity 16706K, committed 16808K, reserved 1048576K
}
Event: 5520.012 GC heap before
{Heap before GC invocations=42 (full 7):
 PSYoungGen      total 432128K, used 12671K [0x00000007a0000000, 0x00000007c0000000, 0x00000007c0000000)
  eden space 339968K, 0% used [0x00000007a0000000,0x00000007a0000000,0x00000007b4c00000)
  from space 92160K, 13% used [0x00000007b4c00000,0x00000007b585fe90,0x00000007ba600000)
  to   space 91136K, 0% used [0x00000007ba700000,0x00000007ba700000,0x00000007c0000000)
 ParOldGen       total 292864K, used 127690K [0x0000000760000000, 0x0000000771e00000, 0x00000007a0000000)
  object space 292864K, 43% used [0x0000000760000000,0x0000000767cb2a78,0x0000000771e00000)
 Metaspace       used 133670K, capacity 137934K, committed 138152K, reserved 1171456K
  class space    used 15534K, capacity 16706K, committed 16808K, reserved 1048576K

